<?xml version="1.0" encoding="utf-8"?><testsuites name="pytest tests"><testsuite name="pytest" errors="0" failures="0" skipped="0" tests="23" time="31.432" timestamp="2026-09-20T19:11:45.379588+00:00" hostname="agent-env-84418909-b7f4-4700-8354-66c18f3072f1"><testcase classname="tests.test_friends_system.TestFriendRequests" name="test_01_A_requests_B_returns_outgoing" time="1.592" /><testcase classname="tests.test_friends_system.TestFriendRequests" name="test_02_B_lists_incoming_request_from_A" time="0.165" /><testcase classname="tests.test_friends_system.TestFriendRequests" name="test_03_B_sees_friend_request_notification_and_unread" time="0.331" /><testcase classname="tests.test_friends_system.TestFriendRequests" name="test_04_B_accepts_request_becomes_friends" time="0.423" /><testcase classname="tests.test_friends_system.TestFriendRequests" name="test_05_accept_marked_originating_notification_read" time="0.147" /><testcase classname="tests.test_friends_system.TestFriendRequests" name="test_06_decline_path_A_requests_C_C_declines" time="0.957" /><testcase classname="tests.test_friends_system.TestFriendRequests" name="test_07_reverse_auto_accept" time="0.813" /><testcase classname="tests.test_friends_system.TestFriendRequests" name="test_08_delete_friend_unfriends" time="0.418" /><testcase classname="tests.test_friends_system.TestFriendRequests" name="test_09_cannot_request_self" time="0.190" /><testcase classname="tests.test_friends_system.TestFriendRequests" name="test_10_mark_all_notifications_read" time="0.961" /><testcase classname="tests.test_friends_system.TestPostVisibility" name="test_public_readable_by_everyone" time="2.389" /><testcase classname="tests.test_friends_system.TestPostVisibility" name="test_friends_post_readable_by_friend_only" time="0.468" /><testcase classname="tests.test_friends_system.TestPostVisibility" name="test_private_post_only_author" time="0.395" /><testcase classname="tests.test_friends_system.TestPostVisibility" name="test_feed_friends_scope_for_B_has_public_and_friends_not_private" time="0.158" /><testcase classname="tests.test_friends_system.TestPostVisibility" name="test_feed_public_scope_only_public_posts_from_public_profiles" time="0.580" /><testcase classname="tests.test_friends_system.TestProfileVisibility" name="test_friends_visibility" time="1.826" /><testcase classname="tests.test_friends_system.TestProfileVisibility" name="test_private_visibility" time="0.569" /><testcase classname="tests.test_friends_system.TestProfileVisibility" name="test_public_visibility_all_200_and_in_public_feed" time="1.551" /><testcase classname="tests.test_friends_system.TestUserSearch" name="test_search_includes_private_profiles_excludes_self_returns_flags" time="2.272" /><testcase classname="tests.test_friends_system.TestNotificationReadOnAction" name="test_decline_marks_originating_notif_read" time="1.603" /><testcase classname="tests.test_friends_system.TestHardDeletePurge" name="test_delete_self_purges_friends_and_notifs" time="1.887" /><testcase classname="tests.test_friends_system.TestRegression" name="test_explore_endpoint_still_works" time="0.670" /><testcase classname="tests.test_friends_system.TestRegression" name="test_comment_moderation_still_works" time="10.901" /></testsuite></testsuites>