<?xml version="1.0" encoding="utf-8"?><testsuites name="pytest tests"><testsuite name="pytest" errors="0" failures="0" skipped="0" tests="21" time="6.109" timestamp="2026-09-15T19:52:07.347583+00:00" hostname="agent-env-84418909-b7f4-4700-8354-66c18f3072f1"><testcase classname="tests.backend_test.TestOnboardingAndEquipment" name="test_onboarding_persists" time="0.845" /><testcase classname="tests.backend_test.TestAdmin" name="test_admin_endpoints_forbidden_for_user" time="1.140" /><testcase classname="tests.backend_test.TestOnboardingAndEquipment" name="test_equipment_filter_available_only" time="0.191" /><testcase classname="tests.backend_test.TestOnboardingAndEquipment" name="test_available_flag_on_all" time="0.114" /><testcase classname="tests.backend_test.TestExercises" name="test_list_filters_and_pagination" time="0.375" /><testcase classname="tests.backend_test.TestAdmin" name="test_admin_endpoints_ok_for_admin" time="0.658" /><testcase classname="tests.backend_test.TestExercises" name="test_detail_with_history" time="0.209" /><testcase classname="tests.backend_test.TestExercises" name="test_meta" time="0.111" /><testcase classname="tests.backend_test.TestAdmin" name="test_promote_and_demote" time="1.743" /><testcase classname="tests.backend_test.TestAuth" name="test_register_login_me" time="1.675" /><testcase classname="tests.backend_test.TestAuth" name="test_me_without_token" time="0.086" /><testcase classname="tests.backend_test.TestAdmin" name="test_root_admin_cannot_be_modified" time="0.375" /><testcase classname="tests.backend_test.TestProgress" name="test_summary_empty_ok" time="0.388" /><testcase classname="tests.backend_test.TestPlans" name="test_templates_and_create" time="0.260" /><testcase classname="tests.backend_test.TestProgress" name="test_measurement_and_summary" time="0.169" /><testcase classname="tests.backend_test.TestGamification" name="test_gamification" time="0.085" /><testcase classname="tests.backend_test.TestPlans" name="test_generate_plan" time="0.093" /><testcase classname="tests.backend_test.TestGamification" name="test_leaderboard_optin" time="0.271" /><testcase classname="tests.backend_test.TestSessions" name="test_active_workout_flow" time="0.457" /><testcase classname="tests.backend_test.TestFood" name="test_food_search_and_entries" time="1.231" /><testcase classname="tests.backend_test.TestSubscription" name="test_subscription_flow" time="0.356" /></testsuite></testsuites>