<?xml version="1.0" encoding="utf-8"?><testsuites name="pytest tests"><testsuite name="pytest" errors="0" failures="1" skipped="0" tests="18" time="9.413" timestamp="2026-09-15T21:38:57.607234+00:00" hostname="agent-env-84418909-b7f4-4700-8354-66c18f3072f1"><testcase classname="tests.test_password_reset_and_root_admin.TestForgotPassword" name="test_forgot_for_existing_normal_user_creates_reset_record" time="1.434" /><testcase classname="tests.test_password_reset_and_root_admin.TestResetPassword" name="test_reset_wrong_code_increments_attempts" time="2.165" /><testcase classname="tests.test_password_reset_and_root_admin.TestForgotPassword" name="test_forgot_for_unknown_email_returns_ok_no_enumeration" time="0.074" /><testcase classname="tests.test_password_reset_and_root_admin.TestForgotPassword" name="test_forgot_root_email_is_403" time="0.116" /><testcase classname="tests.test_password_reset_and_root_admin.TestForgotPassword" name="test_forgot_resend_test_inbox_returns_ok" time="1.298" /><testcase classname="tests.test_password_reset_and_root_admin.TestResetPassword" name="test_reset_five_attempts_then_429" time="1.402" /><testcase classname="tests.test_password_reset_and_root_admin.TestAdminDelete" name="test_regular_admin_cannot_delete_user" time="0.659" /><testcase classname="tests.test_password_reset_and_root_admin.TestResetPassword" name="test_reset_expired_code_returns_400" time="1.541" /><testcase classname="tests.test_password_reset_and_root_admin.TestAdminDelete" name="test_root_can_delete_user_and_purge_data" time="1.140" /><testcase classname="tests.test_password_reset_and_root_admin.TestAdminDelete" name="test_root_cannot_delete_root" time="0.076" /><testcase classname="tests.test_password_reset_and_root_admin.TestAdminSetPassword" name="test_regular_admin_cannot_set_password" time="0.371" /><testcase classname="tests.test_password_reset_and_root_admin.TestResetPassword" name="test_reset_success_login_with_new_password_and_record_deleted" time="2.863" /><testcase classname="tests.test_password_reset_and_root_admin.TestAdminSetPassword" name="test_root_can_set_password_and_target_can_login" time="1.520" /><testcase classname="tests.test_password_reset_and_root_admin.TestAdminEditData" name="test_regular_admin_cannot_edit" time="0.748" /><testcase classname="tests.test_password_reset_and_root_admin.TestAdminEditData" name="test_root_can_edit" time="0.526" /><testcase classname="tests.test_password_reset_and_root_admin.TestHardDeleteSelf" name="test_self_delete_purges_all_user_data" time="0.846" /><testcase classname="tests.test_password_reset_and_root_admin.TestKnownCreds" name="test_regular_admin_login_is_not_root" time="0.519"><failure message="AssertionError: assert 'user' == 'admin'&#10;  &#10;  - admin&#10;  + user">tests/test_password_reset_and_root_admin.py:71: in test_regular_admin_login_is_not_root
    assert d["user"]["role"] == "admin"
E   AssertionError: assert 'user' == 'admin'
E     
E     - admin
E     + user</failure></testcase><testcase classname="tests.test_password_reset_and_root_admin.TestKnownCreds" name="test_root_admin_login" time="0.338" /></testsuite></testsuites>