<?xml version="1.0" encoding="utf-8"?><testsuites name="pytest tests"><testsuite name="pytest" errors="0" failures="0" skipped="0" tests="16" time="14.896" timestamp="2026-09-15T21:55:42.313498+00:00" hostname="agent-env-84418909-b7f4-4700-8354-66c18f3072f1"><testcase classname="tests.test_security_fixes_iter4.TestSEC001NoSourceDefaultCreds" name="test_health_ok" time="0.266" /><testcase classname="tests.test_security_fixes_iter4.TestSEC001NoSourceDefaultCreds" name="test_old_default_password_now_rejected" time="0.450" /><testcase classname="tests.test_security_fixes_iter4.TestSEC001NoSourceDefaultCreds" name="test_rotated_password_succeeds" time="0.392" /><testcase classname="tests.test_security_fixes_iter4.TestSEC002RootOnlyRoleChange" name="test_regular_admin_promote_forbidden" time="1.588" /><testcase classname="tests.test_security_fixes_iter4.TestSEC002RootOnlyRoleChange" name="test_regular_admin_demote_forbidden" time="1.194" /><testcase classname="tests.test_security_fixes_iter4.TestSEC002RootOnlyRoleChange" name="test_root_promote_and_demote_ok" time="0.804" /><testcase classname="tests.test_security_fixes_iter4.TestSEC003TokenInvalidation" name="test_admin_set_password_invalidates_old_token" time="1.170" /><testcase classname="tests.test_security_fixes_iter4.TestSEC003TokenInvalidation" name="test_reset_password_returns_working_token" time="2.593" /><testcase classname="tests.test_security_fixes_iter4.TestForgotPasswordEnumeration" name="test_root_email_returns_ok_not_403" time="0.123" /><testcase classname="tests.test_security_fixes_iter4.TestForgotPasswordEnumeration" name="test_unknown_email_returns_ok" time="0.168" /><testcase classname="tests.test_security_fixes_iter4.TestForgotPasswordEnumeration" name="test_existing_user_returns_ok_and_creates_record" time="1.077" /><testcase classname="tests.test_security_fixes_iter4.TestRegressionCoreAdmin" name="test_admin_overview_works_for_both" time="0.656" /><testcase classname="tests.test_security_fixes_iter4.TestRegressionCoreAdmin" name="test_delete_user_root_only" time="1.120" /><testcase classname="tests.test_security_fixes_iter4.TestRegressionCoreAdmin" name="test_edit_user_root_only" time="1.719" /><testcase classname="tests.test_security_fixes_iter4.TestRegressionCoreAdmin" name="test_self_hard_delete_purges" time="0.676" /><testcase classname="tests.test_security_fixes_iter4.TestRegressionMassAssignment" name="test_user_cannot_self_escalate" time="0.758" /></testsuite></testsuites>