<?xml version="1.0" encoding="utf-8"?><testsuites name="pytest tests"><testsuite name="pytest" errors="0" failures="0" skipped="0" tests="12" time="3.381" timestamp="2026-09-15T21:06:38.284092+00:00" hostname="agent-env-84418909-b7f4-4700-8354-66c18f3072f1"><testcase classname="tests.test_root_admin_fix.TestRootAdminMongoState" name="test_root_account_is_admin_and_root" time="0.013" /><testcase classname="tests.test_root_admin_fix.TestRootAdminMongoState" name="test_exactly_one_root_admin_exists" time="0.001" /><testcase classname="tests.test_root_admin_fix.TestRootAdminMongoState" name="test_root_password_not_reset_by_bootstrap" time="0.001" /><testcase classname="tests.test_root_admin_fix.TestRootAdminMongoState" name="test_test_admin_is_regular_admin_not_root" time="0.001" /><testcase classname="tests.test_root_admin_fix.TestRootProtection" name="test_regular_admin_cannot_demote_root" time="0.798" /><testcase classname="tests.test_root_admin_fix.TestRegularAdminAccess" name="test_admin_overview_still_works_for_regular_admin" time="0.962" /><testcase classname="tests.test_root_admin_fix.TestRootProtection" name="test_regular_admin_cannot_promote_over_root" time="0.320" /><testcase classname="tests.test_root_admin_fix.TestRegularAdminAccess" name="test_admin_users_lists_root_as_admin" time="1.009" /><testcase classname="tests.test_root_admin_fix.TestRootProtection" name="test_regular_admin_cannot_disable_root" time="0.213" /><testcase classname="tests.test_root_admin_fix.TestFreshRoleLookup" name="test_regular_admin_token_reflects_current_role" time="0.195" /><testcase classname="tests.test_root_admin_fix.TestRegistrationRoles" name="test_new_registration_is_plain_user" time="0.467" /><testcase classname="tests.test_root_admin_fix.TestRegistrationRoles" name="test_reregistering_root_email_is_conflict" time="0.143" /></testsuite></testsuites>